2026-03-20 21:01:20,143 - INFO - ==================================================
2026-03-20 21:01:20,143 - INFO - 步骤 1/4: 提取字幕
2026-03-20 21:01:24,026 - ERROR - 获取字幕信息失败: [0;31mERROR:[0m [youtube] y2J9h_7iR3Y: Sign in to confirm you’re not a bot. Use --cookies-from-browser or --cookies for the authentication. See  https://github.com/yt-dlp/yt-dlp/wiki/FAQ#how-do-i-pass-cookies-to-yt-dlp  for how to manually pass cookies. Also see  https://github.com/yt-dlp/yt-dlp/wiki/Extractors#exporting-youtube-cookies  for tips on effectively exporting YouTube cookies
2026-03-20 21:01:24,027 - ERROR - 无法获取字幕信息
2026-03-20 21:01:24,027 - ERROR - 字幕提取失败
2026-03-20 21:06:58,240 - INFO - ==================================================
2026-03-20 21:06:58,240 - INFO - 步骤 1/4: 提取字幕
2026-03-20 21:07:00,845 - ERROR - 获取字幕信息失败: [0;31mERROR:[0m [youtube] kYfa-VSVKNI: Sign in to confirm you’re not a bot. Use --cookies-from-browser or --cookies for the authentication. See  https://github.com/yt-dlp/yt-dlp/wiki/FAQ#how-do-i-pass-cookies-to-yt-dlp  for how to manually pass cookies. Also see  https://github.com/yt-dlp/yt-dlp/wiki/Extractors#exporting-youtube-cookies  for tips on effectively exporting YouTube cookies
2026-03-20 21:07:00,846 - ERROR - 无法获取字幕信息
2026-03-20 21:07:00,847 - ERROR - 字幕提取失败
2026-03-20 21:12:40,061 - INFO - ==================================================
2026-03-20 21:12:40,061 - INFO - 步骤 1/4: 提取字幕
2026-03-20 21:12:43,159 - ERROR - 获取字幕信息失败: [0;31mERROR:[0m [youtube] kYfa-VSVKNI: Sign in to confirm you’re not a bot. Use --cookies-from-browser or --cookies for the authentication. See  https://github.com/yt-dlp/yt-dlp/wiki/FAQ#how-do-i-pass-cookies-to-yt-dlp  for how to manually pass cookies. Also see  https://github.com/yt-dlp/yt-dlp/wiki/Extractors#exporting-youtube-cookies  for tips on effectively exporting YouTube cookies
2026-03-20 21:12:43,160 - ERROR - 无法获取字幕信息
2026-03-20 21:12:43,160 - ERROR - 字幕提取失败
2026-03-20 21:53:32,530 - INFO - ==================================================
2026-03-20 21:53:32,530 - INFO - 步骤 1/4: 提取字幕
2026-03-20 21:53:32,530 - INFO - 使用cookies文件: D:\coding项目\yt scraper\cookies.txt
2026-03-20 21:53:44,840 - ERROR - 获取字幕信息失败: [0;31mERROR:[0m [youtube] kYfa-VSVKNI: Sign in to confirm you’re not a bot. Use --cookies-from-browser or --cookies for the authentication. See  https://github.com/yt-dlp/yt-dlp/wiki/FAQ#how-do-i-pass-cookies-to-yt-dlp  for how to manually pass cookies. Also see  https://github.com/yt-dlp/yt-dlp/wiki/Extractors#exporting-youtube-cookies  for tips on effectively exporting YouTube cookies
2026-03-20 21:53:44,840 - ERROR - 无法获取字幕信息
2026-03-20 21:53:44,840 - ERROR - 字幕提取失败
2026-03-20 23:35:44,890 - INFO - ==================================================
2026-03-20 23:35:44,890 - INFO - 步骤 1/4: 提取字幕
2026-03-20 23:35:44,890 - INFO - 使用cookies文件: D:\coding项目\yt scraper\cookies.txt
2026-03-20 23:35:56,755 - INFO - 手动字幕: []
2026-03-20 23:35:56,756 - INFO - 自动字幕: ['ab', 'aa', 'af', 'ak', 'sq', 'am', 'ar', 'hy', 'as', 'ay', 'az', 'bn', 'ba', 'eu', 'be', 'bho', 'bs', 'br', 'bg', 'my', 'ca', 'ceb', 'zh-Hans', 'zh-Hant', 'co', 'hr', 'cs', 'da', 'dv', 'nl', 'dz', 'en-orig', 'en', 'eo', 'et', 'ee', 'fo', 'fj', 'fil', 'fi', 'fr', 'gaa', 'gl', 'lg', 'ka', 'de', 'el', 'gn', 'gu', 'ht', 'ha', 'haw', 'iw', 'hi', 'hmn', 'hu', 'is', 'ig', 'id', 'iu', 'ga', 'it', 'ja', 'jv', 'kl', 'kn', 'kk', 'kha', 'km', 'rw', 'ko', 'kri', 'ku', 'ky', 'lo', 'la', 'lv', 'ln', 'lt', 'lua', 'luo', 'lb', 'mk', 'mg', 'ms', 'ml', 'mt', 'gv', 'mi', 'mr', 'mn', 'mfe', 'ne', 'new', 'nso', 'no', 'ny', 'oc', 'or', 'om', 'os', 'pam', 'ps', 'fa', 'pl', 'pt', 'pt-PT', 'pa', 'qu', 'ro', 'rn', 'ru', 'sm', 'sg', 'sa', 'gd', 'sr', 'crs', 'sn', 'sd', 'si', 'sk', 'sl', 'so', 'st', 'es', 'su', 'sw', 'ss', 'sv', 'tg', 'ta', 'tt', 'te', 'th', 'bo', 'ti', 'to', 'ts', 'tn', 'tum', 'tr', 'tk', 'uk', 'ur', 'ug', 'uz', 've', 'vi', 'war', 'cy', 'fy', 'wo', 'xh', 'yi', 'yo', 'zu']
2026-03-20 23:35:56,757 - INFO - 使用cookies文件: D:\coding项目\yt scraper\cookies.txt
2026-03-20 23:35:56,757 - INFO - 开始下载字幕，语言: ['en']
2026-03-20 23:36:05,241 - INFO - 字幕下载成功: downloads\Squim Returns _ Smiling Friends _ adult swim.en.srt
2026-03-20 23:36:05,249 - INFO - 英文字幕已保存: downloads\Squim Returns ｜ Smiling Friends ｜ adult swim.en.srt
2026-03-20 23:36:05,249 - INFO - ==================================================
2026-03-20 23:36:05,249 - INFO - 步骤 2/4: 解析字幕
2026-03-20 23:36:05,250 - INFO - 解析SRT文件: 54 条字幕
2026-03-20 23:36:05,250 - INFO - ==================================================
2026-03-20 23:36:05,250 - INFO - 步骤 3/4: 翻译字幕
2026-03-20 23:36:05,250 - INFO - 开始翻译 54 条字幕...
2026-03-20 23:36:05,250 - INFO - Request to DeepL API method=POST url=https://api-free.deepl.com/v2/translate
2026-03-20 23:36:07,779 - INFO - DeepL API response status_code=200 url=https://api-free.deepl.com/v2/translate
2026-03-20 23:36:07,779 - INFO - 翻译完成
2026-03-20 23:36:07,781 - INFO - 中英对照字幕已保存: downloads\Squim Returns ｜ Smiling Friends ｜ adult swim.zh_cn.srt
2026-03-20 23:36:07,781 - INFO - ==================================================
2026-03-20 23:36:07,781 - INFO - 步骤 4/4: 硬字幕压制
2026-03-20 23:36:07,782 - INFO - 开始压制字幕...
2026-03-20 23:36:07,782 - INFO - 输出文件: downloads\Squim Returns ｜ Smiling Friends ｜ adult swim_zh_cn.mp4
2026-03-20 23:36:07,842 - ERROR - FFmpeg错误: None
2026-03-20 23:39:52,069 - INFO - 开始压制字幕...
2026-03-20 23:39:52,070 - INFO - 输出文件: downloads\Squim Returns ｜ Smiling Friends ｜ adult swim_zh_cn.mp4
2026-03-20 23:39:52,105 - ERROR - FFmpeg错误: ffmpeg version 8.1-full_build-www.gyan.dev Copyright (c) 2000-2026 the FFmpeg developers
  built with gcc 15.2.0 (Rev11, Built by MSYS2 project)
  configuration: --enable-gpl --enable-version3 --enable-static --disable-w32threads --disable-autodetect --enable-cairo --enable-fontconfig --enable-iconv --enable-gnutls --enable-lcms2 --enable-libxml2 --enable-gmp --enable-bzlib --enable-lzma --enable-libsnappy --enable-zlib --enable-librist --enable-libsrt --enable-libssh --enable-libzmq --enable-avisynth --enable-libbluray --enable-libcaca --enable-libdvdnav --enable-libdvdread --enable-sdl2 --enable-libaribb24 --enable-libaribcaption --enable-libdav1d --enable-libdavs2 --enable-libopenjpeg --enable-libquirc --enable-libuavs3d --enable-libxevd --enable-libzvbi --enable-liboapv --enable-libqrencode --enable-librav1e --enable-libsvtav1 --enable-libvvenc --enable-libwebp --enable-libx264 --enable-libx265 --enable-libxavs2 --enable-libxeve --enable-libxvid --enable-libaom --enable-libjxl --enable-libsvtjpegxs --enable-libvpx --enable-mediafoundation --enable-libass --enable-frei0r --enable-libfreetype --enable-libfribidi --enable-libharfbuzz --enable-liblensfun --enable-libvidstab --enable-libvmaf --enable-libzimg --enable-amf --enable-cuda-llvm --enable-cuvid --enable-dxva2 --enable-d3d11va --enable-d3d12va --enable-ffnvcodec --enable-libvpl --enable-nvdec --enable-nvenc --enable-vaapi --enable-libshaderc --enable-vulkan --enable-libplacebo --enable-opencl --enable-libcdio --enable-openal --enable-libgme --enable-libmodplug --enable-libopenmpt --enable-libopencore-amrwb --enable-libmp3lame --enable-libshine --enable-libtheora --enable-libtwolame --enable-libvo-amrwbenc --enable-libcodec2 --enable-libilbc --enable-libgsm --enable-liblc3 --enable-libopencore-amrnb --enable-libopus --enable-libspeex --enable-libvorbis --enable-ladspa --enable-libbs2b --enable-libflite --enable-libmysofa --enable-librubberband --enable-libsoxr --enable-chromaprint --enable-whisper
  libavutil      60. 26.100 / 60. 26.100
  libavcodec     62. 28.100 / 62. 28.100
  libavformat    62. 12.100 / 62. 12.100
  libavdevice    62.  3.100 / 62.  3.100
  libavfilter    11. 14.100 / 11. 14.100
  libswscale      9.  5.100 /  9.  5.100
  libswresample   6.  3.100 /  6.  3.100
Input #0, mov,mp4,m4a,3gp,3g2,mj2, from 'downloads\Squim Returns ｜ Smiling Friends ｜ adult swim.mp4':
  Metadata:
    major_brand     : isom
    minor_version   : 512
    compatible_brands: isomav01iso2mp41
    encoder         : Lavf62.12.100
  Duration: 00:01:50.33, start: 0.000000, bitrate: 906 kb/s
  Stream #0:0[0x1](und): Video: av1 (libdav1d) (Main) (av01 / 0x31307661), yuv420p(tv, bt709), 1920x1080 [SAR 1:1 DAR 16:9], 771 kb/s, 23.98 fps, 23.98 tbr, 24k tbn (default)
    Metadata:
      handler_name    : ISO Media file produced by Google Inc.
  Stream #0:1[0x2](eng): Audio: aac (LC) (mp4a / 0x6134706D), 48000 Hz, stereo, fltp, 130 kb/s (default)
    Metadata:
      handler_name    : SoundHandler
[Parsed_subtitles_0 @ 000001f7ae3d5640] libass API version: 0x1704000
[Parsed_subtitles_0 @ 000001f7ae3d5640] libass source: commit: 0.17.4-21-gfadc390583f24eb5cf98f16925fd3adee50bca88
[Parsed_subtitles_0 @ 000001f7ae3d5640] Shaper: FriBidi 1.0.16 (SIMPLE) HarfBuzz-ng 13.1.1 (COMPLEX)
[Parsed_subtitles_0 @ 000001f7ae3d5640] Unable to open downloadsSquim Returns ｜ Smiling Friends ｜ adult swim.zh_cn.srt
[AVFilterGraph @ 000001f7ae3fc3c0] Error initializing filters
Error opening output file downloads\Squim Returns ｜ Smiling Friends ｜ adult swim_zh_cn.mp4.
Error opening output files: Invalid argument

